<?xml version="1.0" encoding="utf-8"?><testsuites name="pytest tests"><testsuite name="pytest" errors="0" failures="0" skipped="0" tests="8" time="93.213" timestamp="2026-03-17T06:00:25.746548+00:00" hostname="agent-env-158eaf8d-0247-405d-9b80-68361814575d"><testcase classname="backend.tests.test_pumpfun_filters.TestPumpFunIntegration" name="test_scan_returns_pumpfun_source_field" time="11.596" /><testcase classname="backend.tests.test_pumpfun_filters.TestPumpFunIntegration" name="test_pumpfun_dexid_tokens_marked_correctly" time="11.505" /><testcase classname="backend.tests.test_pumpfun_filters.TestLiqMcapRatioFilters" name="test_min_liq_mcap_pct_filter" time="11.538" /><testcase classname="backend.tests.test_pumpfun_filters.TestLiqMcapRatioFilters" name="test_max_liq_mcap_pct_filter" time="11.850" /><testcase classname="backend.tests.test_pumpfun_filters.TestLiqMcapRatioFilters" name="test_both_liq_mcap_pct_filters_combined" time="11.623" /><testcase classname="backend.tests.test_pumpfun_filters.TestPumpFunBondingCurveHandling" name="test_bonding_curve_tokens_bypass_liquidity_filters" time="11.421" /><testcase classname="backend.tests.test_pumpfun_filters.TestPumpFunBondingCurveHandling" name="test_bonding_curve_tokens_have_correct_source" time="11.993" /><testcase classname="backend.tests.test_pumpfun_filters.TestDefaultFilterValues" name="test_default_liq_mcap_filters" time="11.616" /></testsuite></testsuites>